--------------------------------------------------------------------------
WARNING: A deprecated command line option was used.

  Deprecated option:   N
  Corrected option:    --map-by ppr:1:node

We have updated this for you and will proceed. However, this will be treated
as an error in a future release. Please update your command line.
--------------------------------------------------------------------------

# size latency
16 2.3747127
32 2.5024405
64 2.661943
128 2.7773569
256 2.844807
512 3.038862
1024 3.2781634
2048 3.8914187
4096 4.8848743
8192 6.1766105
16384 9.174192
32768 16.974714
65536 25.628937
131072 42.869965
262144 77.48551
524288 149.95811
1048576 284.43805
