--------------------------------------------------------------------------
WARNING: A deprecated command line option was used.

  Deprecated option:   N
  Corrected option:    --map-by ppr:1:node

We have updated this for you and will proceed. However, this will be treated
as an error in a future release. Please update your command line.
--------------------------------------------------------------------------

# size latency
16 1.3618426
32 1.515855
64 1.663721
128 1.7128023
256 2.1410587
512 2.2854943
1024 2.445492
2048 3.078155
4096 3.8752842
8192 4.3472137
16384 5.967607
32768 8.4235935
65536 11.552794
131072 17.440464
262144 25.28435
524288 44.89251
1048576 83.588844
